[2025-07-11T16:48:56.503Z] [LOG] [dotenv@16.6.0] injecting env (3) from .env
[2025-07-11T16:49:01.085Z] [LOG] Started refreshing application (/) commands.
[2025-07-11T16:49:01.087Z] [LOG] .-----------------------------.
|          Commands           |
|-----------------------------|
|    Command    | Load status |
|---------------|-------------|
| help.js       | ✅           |
| info.js       | ✅           |
| ping.js       | ✅           |
| autoplay.js   | ✅           |
| clearqueue.js | ✅           |
| disconnect.js | ✅           |
| filter.js     | ✅           |
| join.js       | ✅           |
| loop.js       | ✅           |
| move.js       | ✅           |
| nowplaying.js | ✅           |
| pause.js      | ✅           |
| play.js       | ✅           |
| playskip.js   | ✅           |
| queue.js      | ✅           |
| remove.js     | ✅           |
| resume.js     | ✅           |
| save.js       | ✅           |
| searchplay.js | ✅           |
| seek.js       | ✅           |
| shuffle.js    | ✅           |
| skip.js       | ✅           |
| suggest.js    | ✅           |
| volume.js     | ✅           |
'-----------------------------'
[2025-07-11T16:49:02.213Z] [LOG] Successfully reloaded application (/) commands.
[2025-07-11T16:49:04.744Z] [LOG] Aqua Music is Online!
[2025-07-11T16:49:13.955Z] [LOG] true
[2025-07-11T16:49:47.927Z] [LOG] true
