[2025-07-11T17:05:41.997Z] [LOG] [dotenv@16.6.0] injecting env (3) from .env
[2025-07-11T17:05:44.603Z] [LOG] Started refreshing application (/) commands.
[2025-07-11T17:05:44.606Z] [LOG] .-----------------------------.
|          Commands           |
|-----------------------------|
|    Command    | Load status |
|---------------|-------------|
| help.js       | ✅           |
| info.js       | ✅           |
| ping.js       | ✅           |
| autoplay.js   | ✅           |
| clearqueue.js | ✅           |
| disconnect.js | ✅           |
| filter.js     | ✅           |
| join.js       | ✅           |
| loop.js       | ✅           |
| move.js       | ✅           |
| nowplaying.js | ✅           |
| pause.js      | ✅           |
| play.js       | ✅           |
| playskip.js   | ✅           |
| queue.js      | ✅           |
| remove.js     | ✅           |
| resume.js     | ✅           |
| save.js       | ✅           |
| searchplay.js | ✅           |
| seek.js       | ✅           |
| shuffle.js    | ✅           |
| skip.js       | ✅           |
| suggest.js    | ✅           |
| volume.js     | ✅           |
'-----------------------------'
[2025-07-11T17:05:45.312Z] [LOG] Successfully reloaded application (/) commands.
[2025-07-11T17:05:47.971Z] [LOG] Aqua Music is Online!
[2025-07-11T17:05:59.171Z] [LOG] true
