[2025-07-04T15:28:26.701Z] [LOG] [dotenv@16.6.0] injecting env (3) from .env
[2025-07-04T15:28:29.332Z] [LOG] Started refreshing application (/) commands.
[2025-07-04T15:28:29.334Z] [LOG] .-----------------------------.
|          Commands           |
|-----------------------------|
|    Command    | Load status |
|---------------|-------------|
| help.js       | ✅           |
| info.js       | ✅           |
| ping.js       | ✅           |
| autoplay.js   | ✅           |
| clearqueue.js | ✅           |
| disconnect.js | ✅           |
| filter.js     | ✅           |
| join.js       | ✅           |
| loop.js       | ✅           |
| move.js       | ✅           |
| nowplaying.js | ✅           |
| pause.js      | ✅           |
| play.js       | ✅           |
| playskip.js   | ✅           |
| queue.js      | ✅           |
| remove.js     | ✅           |
| resume.js     | ✅           |
| save.js       | ✅           |
| searchplay.js | ✅           |
| seek.js       | ✅           |
| shuffle.js    | ✅           |
| skip.js       | ✅           |
| suggest.js    | ✅           |
| volume.js     | ✅           |
'-----------------------------'
[2025-07-04T15:28:30.159Z] [LOG] Successfully reloaded application (/) commands.
[2025-07-04T15:28:31.729Z] [LOG] Aqua Music is Online!
[2025-07-04T15:28:33.313Z] [LOG] false
[2025-07-04T15:28:33.314Z] [LOG] false
[2025-07-04T15:29:15.054Z] [LOG] false
[2025-07-04T15:29:15.055Z] [LOG] false
[2025-07-04T15:29:20.162Z] [LOG] false
[2025-07-04T15:29:20.163Z] [LOG] false
[2025-07-04T15:29:37.503Z] [LOG] true
[2025-07-04T15:29:37.504Z] [LOG] true
